<?xml version="1.0" encoding="UTF-8"?>
<!-- Generated by org.testng.reporters.JUnitXMLReporter -->
<testsuite hostname="Appy-PC" name="Test" tests="7" failures="0" timestamp="7 Apr 2019 04:03:12 GMT" time="0.026" errors="0">
  <testcase name="f2" time="0.001" classname="test.NewTest"/>
  <testcase name="f1" time="0.0" classname="test.NewTest"/>
  <testcase name="f" time="0.0" classname="test.NewTest"/>
  <testcase name="f" time="0.0" classname="test.NewTest"/>
  <testcase name="f" time="0.001" classname="test.NewTest"/>
  <testcase name="f" time="0.001" classname="test.NewTest"/>
  <testcase name="f" time="0.0" classname="test.NewTest"/>
</testsuite> <!-- Test -->
