<?xml version="1.0" encoding="UTF-8"?>
<testng-results skipped="0" failed="0" ignored="0" total="6" passed="6">
  <reporter-output>
  </reporter-output>
  <suite name="Default suite" duration-ms="61" started-at="2019-03-17T05:42:07Z" finished-at="2019-03-17T05:42:07Z">
    <groups>
    </groups>
    <test name="Default test" duration-ms="61" started-at="2019-03-17T05:42:07Z" finished-at="2019-03-17T05:42:07Z">
      <class name="test.NewTest">
        <test-method status="PASS" signature="beforeSuite()[pri:0, instance:test.NewTest@6d00a15d]" name="beforeSuite" is-config="true" duration-ms="14" started-at="2019-03-17T05:42:07Z" finished-at="2019-03-17T05:42:07Z">
          <reporter-output>
          </reporter-output>
        </test-method> <!-- beforeSuite -->
        <test-method status="PASS" signature="beforeTest()[pri:0, instance:test.NewTest@6d00a15d]" name="beforeTest" is-config="true" duration-ms="1" started-at="2019-03-17T05:42:07Z" finished-at="2019-03-17T05:42:07Z">
          <reporter-output>
          </reporter-output>
        </test-method> <!-- beforeTest -->
        <test-method status="PASS" signature="beforeClass()[pri:0, instance:test.NewTest@6d00a15d]" name="beforeClass" is-config="true" duration-ms="1" started-at="2019-03-17T05:42:07Z" finished-at="2019-03-17T05:42:07Z">
          <reporter-output>
          </reporter-output>
        </test-method> <!-- beforeClass -->
        <test-method status="PASS" signature="beforeMethod()[pri:0, instance:test.NewTest@6d00a15d]" name="beforeMethod" is-config="true" duration-ms="0" started-at="2019-03-17T05:42:07Z" finished-at="2019-03-17T05:42:07Z">
          <reporter-output>
          </reporter-output>
        </test-method> <!-- beforeMethod -->
        <test-method status="PASS" signature="f1()[pri:1, instance:test.NewTest@6d00a15d]" name="f1" duration-ms="8" started-at="2019-03-17T05:42:07Z" description="verify the login TC" finished-at="2019-03-17T05:42:07Z">
          <reporter-output>
          </reporter-output>
        </test-method> <!-- f1 -->
        <test-method status="PASS" signature="afterMethod()[pri:0, instance:test.NewTest@6d00a15d]" name="afterMethod" is-config="true" duration-ms="0" started-at="2019-03-17T05:42:07Z" finished-at="2019-03-17T05:42:07Z">
          <reporter-output>
          </reporter-output>
        </test-method> <!-- afterMethod -->
        <test-method status="PASS" signature="beforeMethod()[pri:0, instance:test.NewTest@6d00a15d]" name="beforeMethod" is-config="true" duration-ms="1" started-at="2019-03-17T05:42:07Z" finished-at="2019-03-17T05:42:07Z">
          <reporter-output>
          </reporter-output>
        </test-method> <!-- beforeMethod -->
        <test-method status="PASS" signature="f()[pri:2, instance:test.NewTest@6d00a15d]" name="f" duration-ms="2" started-at="2019-03-17T05:42:07Z" finished-at="2019-03-17T05:42:07Z">
          <reporter-output>
          </reporter-output>
        </test-method> <!-- f -->
        <test-method status="PASS" signature="f()[pri:2, instance:test.NewTest@6d00a15d]" name="f" duration-ms="2" started-at="2019-03-17T05:42:07Z" finished-at="2019-03-17T05:42:07Z">
          <reporter-output>
          </reporter-output>
        </test-method> <!-- f -->
        <test-method status="PASS" signature="afterMethod()[pri:0, instance:test.NewTest@6d00a15d]" name="afterMethod" is-config="true" duration-ms="0" started-at="2019-03-17T05:42:07Z" finished-at="2019-03-17T05:42:07Z">
          <reporter-output>
          </reporter-output>
        </test-method> <!-- afterMethod -->
        <test-method status="PASS" signature="beforeMethod()[pri:0, instance:test.NewTest@6d00a15d]" name="beforeMethod" is-config="true" duration-ms="0" started-at="2019-03-17T05:42:07Z" finished-at="2019-03-17T05:42:07Z">
          <reporter-output>
          </reporter-output>
        </test-method> <!-- beforeMethod -->
        <test-method status="PASS" signature="afterMethod()[pri:0, instance:test.NewTest@6d00a15d]" name="afterMethod" is-config="true" duration-ms="0" started-at="2019-03-17T05:42:07Z" finished-at="2019-03-17T05:42:07Z">
          <reporter-output>
          </reporter-output>
        </test-method> <!-- afterMethod -->
        <test-method status="PASS" signature="f()[pri:2, instance:test.NewTest@6d00a15d]" name="f" duration-ms="1" started-at="2019-03-17T05:42:07Z" finished-at="2019-03-17T05:42:07Z">
          <reporter-output>
          </reporter-output>
        </test-method> <!-- f -->
        <test-method status="PASS" signature="beforeMethod()[pri:0, instance:test.NewTest@6d00a15d]" name="beforeMethod" is-config="true" duration-ms="0" started-at="2019-03-17T05:42:07Z" finished-at="2019-03-17T05:42:07Z">
          <reporter-output>
          </reporter-output>
        </test-method> <!-- beforeMethod -->
        <test-method status="PASS" signature="afterMethod()[pri:0, instance:test.NewTest@6d00a15d]" name="afterMethod" is-config="true" duration-ms="1" started-at="2019-03-17T05:42:07Z" finished-at="2019-03-17T05:42:07Z">
          <reporter-output>
          </reporter-output>
        </test-method> <!-- afterMethod -->
        <test-method status="PASS" signature="beforeMethod()[pri:0, instance:test.NewTest@6d00a15d]" name="beforeMethod" is-config="true" duration-ms="0" started-at="2019-03-17T05:42:07Z" finished-at="2019-03-17T05:42:07Z">
          <reporter-output>
          </reporter-output>
        </test-method> <!-- beforeMethod -->
        <test-method status="PASS" signature="f()[pri:2, instance:test.NewTest@6d00a15d]" name="f" duration-ms="2" started-at="2019-03-17T05:42:07Z" finished-at="2019-03-17T05:42:07Z">
          <reporter-output>
          </reporter-output>
        </test-method> <!-- f -->
        <test-method status="PASS" signature="afterMethod()[pri:0, instance:test.NewTest@6d00a15d]" name="afterMethod" is-config="true" duration-ms="0" started-at="2019-03-17T05:42:07Z" finished-at="2019-03-17T05:42:07Z">
          <reporter-output>
          </reporter-output>
        </test-method> <!-- afterMethod -->
        <test-method status="PASS" signature="beforeMethod()[pri:0, instance:test.NewTest@6d00a15d]" name="beforeMethod" is-config="true" duration-ms="1" started-at="2019-03-17T05:42:07Z" finished-at="2019-03-17T05:42:07Z">
          <reporter-output>
          </reporter-output>
        </test-method> <!-- beforeMethod -->
        <test-method status="PASS" signature="f()[pri:2, instance:test.NewTest@6d00a15d]" name="f" duration-ms="2" started-at="2019-03-17T05:42:07Z" finished-at="2019-03-17T05:42:07Z">
          <reporter-output>
          </reporter-output>
        </test-method> <!-- f -->
        <test-method status="PASS" signature="afterMethod()[pri:0, instance:test.NewTest@6d00a15d]" name="afterMethod" is-config="true" duration-ms="1" started-at="2019-03-17T05:42:07Z" finished-at="2019-03-17T05:42:07Z">
          <reporter-output>
          </reporter-output>
        </test-method> <!-- afterMethod -->
        <test-method status="PASS" signature="afterClass()[pri:0, instance:test.NewTest@6d00a15d]" name="afterClass" is-config="true" duration-ms="0" started-at="2019-03-17T05:42:07Z" finished-at="2019-03-17T05:42:07Z">
          <reporter-output>
          </reporter-output>
        </test-method> <!-- afterClass -->
        <test-method status="PASS" signature="afterTest()[pri:0, instance:test.NewTest@6d00a15d]" name="afterTest" is-config="true" duration-ms="0" started-at="2019-03-17T05:42:07Z" finished-at="2019-03-17T05:42:07Z">
          <reporter-output>
          </reporter-output>
        </test-method> <!-- afterTest -->
        <test-method status="PASS" signature="afterSuite()[pri:0, instance:test.NewTest@6d00a15d]" name="afterSuite" is-config="true" duration-ms="0" started-at="2019-03-17T05:42:07Z" finished-at="2019-03-17T05:42:07Z">
          <reporter-output>
          </reporter-output>
        </test-method> <!-- afterSuite -->
      </class> <!-- test.NewTest -->
    </test> <!-- Default test -->
  </suite> <!-- Default suite -->
</testng-results>
