<?xml version="1.0" encoding="UTF-8"?>
<!-- Generated by org.testng.reporters.JUnitXMLReporter -->
<testsuite hostname="Appy-PC" ignored="0" name="Default test" tests="6" failures="0" timestamp="17 Mar 2019 05:42:07 GMT" time="0.061" errors="0">
  <testcase name="f1" time="0.008" classname="test.NewTest"/>
  <testcase name="f" time="0.002" classname="test.NewTest"/>
  <testcase name="f" time="0.002" classname="test.NewTest"/>
  <testcase name="f" time="0.001" classname="test.NewTest"/>
  <testcase name="f" time="0.002" classname="test.NewTest"/>
  <testcase name="f" time="0.002" classname="test.NewTest"/>
</testsuite> <!-- Default test -->
