<?xml version="1.0" encoding="UTF-8"?>
<testng-results skipped="0" failed="0" ignored="0" total="2" passed="2">
  <reporter-output>
  </reporter-output>
  <suite name="Suite" duration-ms="56" started-at="2019-04-07T05:16:00Z" finished-at="2019-04-07T05:16:00Z">
    <groups>
    </groups>
    <test name="Test1" duration-ms="56" started-at="2019-04-07T05:16:00Z" finished-at="2019-04-07T05:16:00Z">
      <class name="maven.automation.NewTest">
        <test-method status="PASS" signature="beforeSuite()[pri:0, instance:maven.automation.NewTest@26be92ad]" name="beforeSuite" is-config="true" duration-ms="16" started-at="2019-04-07T05:16:00Z" finished-at="2019-04-07T05:16:00Z">
          <reporter-output>
          </reporter-output>
        </test-method> <!-- beforeSuite -->
        <test-method status="PASS" signature="beforeSuite()[pri:0, instance:maven.automation.NewTest1@1d057a39]" name="beforeSuite" is-config="true" duration-ms="0" started-at="2019-04-07T05:16:00Z" finished-at="2019-04-07T05:16:00Z">
          <reporter-output>
          </reporter-output>
        </test-method> <!-- beforeSuite -->
        <test-method status="PASS" signature="beforeTest()[pri:0, instance:maven.automation.NewTest@26be92ad]" name="beforeTest" is-config="true" duration-ms="1" started-at="2019-04-07T05:16:00Z" finished-at="2019-04-07T05:16:00Z">
          <reporter-output>
          </reporter-output>
        </test-method> <!-- beforeTest -->
        <test-method status="PASS" signature="beforeTest()[pri:0, instance:maven.automation.NewTest1@1d057a39]" name="beforeTest" is-config="true" duration-ms="0" started-at="2019-04-07T05:16:00Z" finished-at="2019-04-07T05:16:00Z">
          <reporter-output>
          </reporter-output>
        </test-method> <!-- beforeTest -->
        <test-method status="PASS" signature="beforeClass()[pri:0, instance:maven.automation.NewTest@26be92ad]" name="beforeClass" is-config="true" duration-ms="1" started-at="2019-04-07T05:16:00Z" finished-at="2019-04-07T05:16:00Z">
          <reporter-output>
          </reporter-output>
        </test-method> <!-- beforeClass -->
        <test-method status="PASS" signature="beforeMethod()[pri:0, instance:maven.automation.NewTest@26be92ad]" name="beforeMethod" is-config="true" duration-ms="0" started-at="2019-04-07T05:16:00Z" finished-at="2019-04-07T05:16:00Z">
          <reporter-output>
          </reporter-output>
        </test-method> <!-- beforeMethod -->
        <test-method status="PASS" signature="f()[pri:0, instance:maven.automation.NewTest@26be92ad]" name="f" duration-ms="5" started-at="2019-04-07T05:16:00Z" finished-at="2019-04-07T05:16:00Z">
          <reporter-output>
          </reporter-output>
        </test-method> <!-- f -->
        <test-method status="PASS" signature="afterClass()[pri:0, instance:maven.automation.NewTest@26be92ad]" name="afterClass" is-config="true" duration-ms="0" started-at="2019-04-07T05:16:00Z" finished-at="2019-04-07T05:16:00Z">
          <reporter-output>
          </reporter-output>
        </test-method> <!-- afterClass -->
        <test-method status="PASS" signature="afterMethod()[pri:0, instance:maven.automation.NewTest@26be92ad]" name="afterMethod" is-config="true" duration-ms="0" started-at="2019-04-07T05:16:00Z" finished-at="2019-04-07T05:16:00Z">
          <reporter-output>
          </reporter-output>
        </test-method> <!-- afterMethod -->
        <test-method status="PASS" signature="afterTest()[pri:0, instance:maven.automation.NewTest@26be92ad]" name="afterTest" is-config="true" duration-ms="1" started-at="2019-04-07T05:16:00Z" finished-at="2019-04-07T05:16:00Z">
          <reporter-output>
          </reporter-output>
        </test-method> <!-- afterTest -->
        <test-method status="PASS" signature="afterTest()[pri:0, instance:maven.automation.NewTest1@1d057a39]" name="afterTest" is-config="true" duration-ms="0" started-at="2019-04-07T05:16:00Z" finished-at="2019-04-07T05:16:00Z">
          <reporter-output>
          </reporter-output>
        </test-method> <!-- afterTest -->
      </class> <!-- maven.automation.NewTest -->
      <class name="maven.automation.NewTest1">
        <test-method status="PASS" signature="beforeClass()[pri:0, instance:maven.automation.NewTest1@1d057a39]" name="beforeClass" is-config="true" duration-ms="0" started-at="2019-04-07T05:16:00Z" finished-at="2019-04-07T05:16:00Z">
          <reporter-output>
          </reporter-output>
        </test-method> <!-- beforeClass -->
        <test-method status="PASS" signature="f()[pri:0, instance:maven.automation.NewTest1@1d057a39]" name="f" duration-ms="10" started-at="2019-04-07T05:16:00Z" finished-at="2019-04-07T05:16:00Z">
          <reporter-output>
          </reporter-output>
        </test-method> <!-- f -->
        <test-method status="PASS" signature="beforeMethod()[pri:0, instance:maven.automation.NewTest1@1d057a39]" name="beforeMethod" is-config="true" duration-ms="0" started-at="2019-04-07T05:16:00Z" finished-at="2019-04-07T05:16:00Z">
          <reporter-output>
          </reporter-output>
        </test-method> <!-- beforeMethod -->
        <test-method status="PASS" signature="afterMethod()[pri:0, instance:maven.automation.NewTest1@1d057a39]" name="afterMethod" is-config="true" duration-ms="0" started-at="2019-04-07T05:16:00Z" finished-at="2019-04-07T05:16:00Z">
          <reporter-output>
          </reporter-output>
        </test-method> <!-- afterMethod -->
        <test-method status="PASS" signature="afterClass()[pri:0, instance:maven.automation.NewTest1@1d057a39]" name="afterClass" is-config="true" duration-ms="0" started-at="2019-04-07T05:16:00Z" finished-at="2019-04-07T05:16:00Z">
          <reporter-output>
          </reporter-output>
        </test-method> <!-- afterClass -->
      </class> <!-- maven.automation.NewTest1 -->
    </test> <!-- Test1 -->
  </suite> <!-- Suite -->
</testng-results>
